<?xml version="1.0" encoding="UTF-8"?>
<!-- Generated by org.testng.reporters.JUnitReportReporter -->
<testsuite hostname="Manishs-MacBook-Pro.local" failures="0" tests="1" name="com.selenium.demos.SeleniumDemos.ActionsHoverTest" time="19.893" errors="0" timestamp="06 Jun 2022 08:31:26 GMT" skipped="0">
  <testcase classname="com.selenium.demos.SeleniumDemos.ActionsHoverTest" name="testClickOnTrousersLink" time="19.893"/>
</testsuite> <!-- com.selenium.demos.SeleniumDemos.ActionsHoverTest -->
