<?xml version="1.0" encoding="UTF-8"?>
<!-- Generated by org.testng.reporters.JUnitReportReporter -->
<testsuite hostname="Manishs-MacBook-Pro.local" failures="0" tests="1" name="com.selenium.demos.SeleniumDemos.TakeScreenShotTest" time="12.621" errors="0" timestamp="03 Jun 2022 11:51:07 GMT" skipped="0">
  <testcase classname="com.selenium.demos.SeleniumDemos.TakeScreenShotTest" name="testTakeScreenShot" time="12.621"/>
</testsuite> <!-- com.selenium.demos.SeleniumDemos.TakeScreenShotTest -->
