<?xml version="1.0" encoding="UTF-8"?>
<!-- Generated by org.testng.reporters.JUnitReportReporter -->
<testsuite hostname="Manishs-MacBook-Pro.local" failures="0" tests="1" name="com.selenium.demos.SeleniumDemos.LocateCSSSelectorTest" time="19.700" errors="0" timestamp="02 Jun 2022 03:41:27 GMT" skipped="0">
  <testcase classname="com.selenium.demos.SeleniumDemos.LocateCSSSelectorTest" name="testLocateByCssSelector" time="19.700"/>
</testsuite> <!-- com.selenium.demos.SeleniumDemos.LocateCSSSelectorTest -->
