<?xml version="1.0" encoding="UTF-8"?>
<!-- Generated by org.testng.reporters.JUnitReportReporter -->
<testsuite hostname="Manishs-MacBook-Pro.local" failures="0" tests="1" name="com.selenium.demos.SeleniumDemos.WebTableTest" time="13.818" errors="0" timestamp="03 Jun 2022 11:40:31 GMT" skipped="0">
  <testcase classname="com.selenium.demos.SeleniumDemos.WebTableTest" name="testTableValuesForCompanynames" time="13.818"/>
</testsuite> <!-- com.selenium.demos.SeleniumDemos.WebTableTest -->
