<?xml version="1.0" encoding="UTF-8"?>
<!-- Generated by org.testng.reporters.JUnitReportReporter -->
<testsuite hostname="Manishs-MacBook-Pro.local" failures="0" tests="1" name="com.selenium.demos.SeleniumDemos.SelectDropDownTest" time="12.847" errors="0" timestamp="02 Jun 2022 10:50:41 GMT" skipped="0">
  <testcase classname="com.selenium.demos.SeleniumDemos.SelectDropDownTest" name="testSelectDropzdown" time="12.847"/>
</testsuite> <!-- com.selenium.demos.SeleniumDemos.SelectDropDownTest -->
