<?xml version="1.0" encoding="UTF-8"?>
<!-- Generated by org.testng.reporters.JUnitReportReporter -->
<testsuite hostname="Manishs-MacBook-Pro.local" failures="0" tests="1" name="com.selenium.demos.SeleniumDemos.XPathHTMLTest" time="6.308" errors="0" timestamp="02 Jun 2022 10:02:54 GMT" skipped="0">
  <testcase classname="com.selenium.demos.SeleniumDemos.XPathHTMLTest" name="testLocateCheckBoxViaText" time="6.308"/>
</testsuite> <!-- com.selenium.demos.SeleniumDemos.XPathHTMLTest -->
