<?xml version="1.0" encoding="UTF-8"?>
<!-- Generated by org.testng.reporters.JUnitReportReporter -->
<testsuite hostname="Manishs-MacBook-Pro.local" failures="0" tests="1" name="com.selenium.demos.SeleniumDemos.FrameDemoTest" time="9.941" errors="0" timestamp="02 Jun 2022 11:02:32 GMT" skipped="0">
  <testcase classname="com.selenium.demos.SeleniumDemos.FrameDemoTest" name="testSwitchWithinFrames" time="9.941"/>
</testsuite> <!-- com.selenium.demos.SeleniumDemos.FrameDemoTest -->
