<?xml version="1.0" encoding="UTF-8"?>
<!-- Generated by org.testng.reporters.JUnitReportReporter -->
<testsuite hostname="Manishs-MacBook-Pro.local" failures="0" tests="1" name="com.selenium.demos.SeleniumDemos.LocateCSSSelectorTest" time="6.447" errors="0" timestamp="31 May 2022 11:39:15 GMT" skipped="0">
  <testcase classname="com.selenium.demos.SeleniumDemos.LocateCSSSelectorTest" name="testLocateByCssSelector" time="6.447"/>
</testsuite> <!-- com.selenium.demos.SeleniumDemos.LocateCSSSelectorTest -->
