<?xml version="1.0" encoding="UTF-8"?>
<!-- Generated by org.testng.reporters.JUnitReportReporter -->
<testsuite hostname="Manishs-MacBook-Pro.local" failures="0" tests="4" name="com.selenium.demos.SeleniumDemos.BasicLocatorStrategiedTest" time="28.259" errors="0" timestamp="31 May 2022 11:07:35 GMT" skipped="2">
  <testcase classname="com.selenium.demos.SeleniumDemos.BasicLocatorStrategiedTest" name="testLocateByPartialLinkText" time="13.801"/>
  <testcase classname="com.selenium.demos.SeleniumDemos.BasicLocatorStrategiedTest" name="testLocateByLinkText" time="14.458"/>
  <testcase classname="com.selenium.demos.SeleniumDemos.BasicLocatorStrategiedTest" name="testLocateByTagName">
    <skipped/>
  </testcase> <!-- testLocateByTagName -->
  <testcase classname="com.selenium.demos.SeleniumDemos.BasicLocatorStrategiedTest" name="testLocateByid">
    <skipped/>
  </testcase> <!-- testLocateByid -->
</testsuite> <!-- com.selenium.demos.SeleniumDemos.BasicLocatorStrategiedTest -->
