<?xml version="1.0" encoding="UTF-8"?>
<!-- Generated by org.testng.reporters.JUnitReportReporter -->
<testsuite hostname="Manishs-MacBook-Pro.local" failures="0" tests="1" name="com.selenium.demos.SeleniumDemos.AlertDialogBoxTest2" time="12.113" errors="0" timestamp="02 Jun 2022 11:32:08 GMT" skipped="0">
  <testcase classname="com.selenium.demos.SeleniumDemos.AlertDialogBoxTest2" name="testPromptAndConfirm" time="12.113"/>
</testsuite> <!-- com.selenium.demos.SeleniumDemos.AlertDialogBoxTest2 -->
