<?xml version="1.0" encoding="UTF-8"?>
<!-- Generated by org.testng.reporters.JUnitReportReporter -->
<testsuite hostname="Manishs-MacBook-Pro.local" failures="0" tests="1" name="com.selenium.demos.SeleniumDemos.wait.ImplicitwaitTest" time="16.001" errors="0" timestamp="03 Jun 2022 09:24:26 GMT" skipped="0">
  <testcase classname="com.selenium.demos.SeleniumDemos.wait.ImplicitwaitTest" name="testGoogleSearch" time="16.001"/>
</testsuite> <!-- com.selenium.demos.SeleniumDemos.wait.ImplicitwaitTest -->
