<?xml version="1.0" encoding="UTF-8"?>
<!-- Generated by org.testng.reporters.JUnitReportReporter -->
<testsuite hostname="Manishs-MacBook-Pro.local" failures="0" tests="1" name="com.selenium.demos.SeleniumDemos.CloseQuitTest" time="7.337" errors="0" timestamp="31 May 2022 11:27:32 GMT" skipped="0">
  <testcase classname="com.selenium.demos.SeleniumDemos.CloseQuitTest" name="testLocateByLinkText" time="7.337"/>
</testsuite> <!-- com.selenium.demos.SeleniumDemos.CloseQuitTest -->
