<?xml version="1.0" encoding="UTF-8"?>
<!-- Generated by org.testng.reporters.JUnitReportReporter -->
<testsuite hostname="Manishs-MacBook-Pro.local" failures="0" tests="1" name="com.selenium.demos.SeleniumDemos.AlertDialogBoxTest" time="27.121" errors="0" timestamp="02 Jun 2022 11:23:38 GMT" skipped="0">
  <testcase classname="com.selenium.demos.SeleniumDemos.AlertDialogBoxTest" name="testSwitchWithinFrames" time="27.121"/>
</testsuite> <!-- com.selenium.demos.SeleniumDemos.AlertDialogBoxTest -->
