<?xml version="1.0" encoding="UTF-8"?>
<!-- Generated by org.testng.reporters.JUnitReportReporter -->
<testsuite hostname="Manishs-MacBook-Pro.local" failures="0" tests="1" name="com.selenium.demos.SeleniumDemos.wait.ExplicitwaitTest" time="17.066" errors="0" timestamp="03 Jun 2022 10:51:15 GMT" skipped="0">
  <testcase classname="com.selenium.demos.SeleniumDemos.wait.ExplicitwaitTest" name="testIfTextIspresent" time="17.066"/>
</testsuite> <!-- com.selenium.demos.SeleniumDemos.wait.ExplicitwaitTest -->
