<?xml version="1.0" encoding="UTF-8"?>
<!-- Generated by org.testng.reporters.JUnitReportReporter -->
<testsuite hostname="Manishs-MacBook-Pro.local" failures="0" tests="1" name="com.selenium.demos.SelenouimJenkinsDemo.AppTest" time="36.875" errors="0" timestamp="20 Jun 2022 10:19:12 GMT" skipped="0">
  <testcase classname="com.selenium.demos.SelenouimJenkinsDemo.AppTest" name="testSelectDropzdown" time="36.875"/>
</testsuite> <!-- com.selenium.demos.SelenouimJenkinsDemo.AppTest -->
