<?xml version="1.0" encoding="UTF-8"?>
<!-- Generated by org.testng.reporters.JUnitReportReporter -->
<testsuite hostname="Manishs-MacBook-Pro.local" failures="0" tests="2" name="com.vf.demos.GroupsDemoTest" time="0.009" errors="0" timestamp="2022-05-30T16:26:04 IST" skipped="0">
  <testcase classname="com.vf.demos.GroupsDemoTest" name="m1" time="0.007"/>
  <system-out/>
  <testcase classname="com.vf.demos.GroupsDemoTest" name="m2" time="0.002"/>
  <system-out/>
</testsuite> <!-- com.vf.demos.GroupsDemoTest -->
