<?xml version="1.0" encoding="UTF-8"?>
<!-- Generated by org.testng.reporters.JUnitReportReporter -->
<testsuite hostname="Manishs-MacBook-Pro.local" failures="0" tests="3" name="com.vf.demos.FirstTest" time="0.012" errors="0" timestamp="2022-05-30T15:16:26 IST" skipped="0">
  <testcase classname="com.vf.demos.FirstTest" name="w" time="0.008"/>
  <system-out/>
  <testcase classname="com.vf.demos.FirstTest" name="a" time="0.003"/>
  <system-out/>
  <testcase classname="com.vf.demos.FirstTest" name="x" time="0.001"/>
  <system-out/>
</testsuite> <!-- com.vf.demos.FirstTest -->
