<?xml version="1.0" encoding="UTF-8"?>
<!-- Generated by org.testng.reporters.JUnitReportReporter -->
<testsuite hostname="Manishs-MacBook-Pro.local" failures="0" tests="4" name="com.vf.demos.MyTestClass2" time="0.021" errors="0" timestamp="2022-05-30T16:20:20 IST" skipped="0">
  <testcase classname="com.vf.demos.MyTestClass2" name="m3" time="0.003"/>
  <system-out/>
  <testcase classname="com.vf.demos.MyTestClass2" name="m4" time="0.006"/>
  <system-out/>
  <testcase classname="com.vf.demos.MyTestClass2" name="m3" time="0.010"/>
  <system-out/>
  <testcase classname="com.vf.demos.MyTestClass2" name="m4" time="0.002"/>
  <system-out/>
</testsuite> <!-- com.vf.demos.MyTestClass2 -->
