<?xml version="1.0" encoding="UTF-8"?>
<!-- Generated by org.testng.reporters.JUnitReportReporter -->
<testsuite hostname="Manishs-MacBook-Pro.local" failures="0" tests="2" name="com.vf.demos.MyTestClass1" time="0.003" errors="0" timestamp="2022-05-30T16:20:20 IST" skipped="0">
  <testcase classname="com.vf.demos.MyTestClass1" name="m2" time="0.001"/>
  <system-out/>
  <testcase classname="com.vf.demos.MyTestClass1" name="m1" time="0.002"/>
  <system-out/>
</testsuite> <!-- com.vf.demos.MyTestClass1 -->
